Build started 22/03/2014 16:28:28.
     1>Project "C:\Users\JohnDoe\Documents\Visual Studio 2012\Projects\DPACalc\DPACalc.vcxproj" on node 2 (Build target(s)).
     1>ClCompile:
         C:\Program Files (x86)\Microsoft Visual Studio 11.0\VC\bin\CL.exe /c /I"C:\Program Files (x86)\AMD APP\\include" /I"C:\Users\JohnDoe\Documents\Visual Studio 2012\Projects\DPACalc\dependencies\tclap\include" /I"C:\Users\JohnDoe\Documents\Visual Studio 2012\Projects\DPACalc\src" /Zi /nologo /W3 /WX- /Od /Oy- /D WIN32 /D _DEBUG /D _WINDOWS /Gm /EHsc /RTC1 /MDd /GS /fp:precise /Zc:wchar_t /Zc:forScope /Fo"Debug\\" /Fd"Debug\vc110.pdb" /Gd /TP /analyze- /errorReport:prompt dependencies\tclap\examples\test1.cpp dependencies\tclap\examples\test10.cpp dependencies\tclap\examples\test11.cpp dependencies\tclap\examples\test12.cpp dependencies\tclap\examples\test13.cpp dependencies\tclap\examples\test14.cpp dependencies\tclap\examples\test15.cpp dependencies\tclap\examples\test16.cpp "dependencies\tclap\examples\test17-a.cpp" dependencies\tclap\examples\test17.cpp dependencies\tclap\examples\test18.cpp dependencies\tclap\examples\test19.cpp dependencies\tclap\examples\test2.cpp dependencies\tclap\examples\test20.cpp dependencies\tclap\examples\test21.cpp dependencies\tclap\examples\test3.cpp dependencies\tclap\examples\test4.cpp dependencies\tclap\examples\test5.cpp dependencies\tclap\examples\test6.cpp dependencies\tclap\examples\test7.cpp dependencies\tclap\examples\test8.cpp dependencies\tclap\examples\test9.cpp kconfig\kconfig\scripts\kconfig\qconf.cc out\cmakefiles\compileridcxx\CMakeCXXCompilerId.cpp src\exec\bbque.cpp src\exec\cxx11threads.cpp src\exec\seq_monocore.cpp src\gen_intermediate\aes128round1.cpp src\gen_powermodel\hammingweight.cpp src\input\bin1.cpp src\keygen\aes128keygen.cpp src\main.cpp src\output\coarseresult.cpp src\output\gnuplot.cpp src\output\multiple.cpp src\statisticaltest\baseNorm.cpp src\statisticaltest\openCL\openCLPlatform.cpp src\statisticaltest\pearson.cpp src\statisticaltest\pearsonFrancesco.cpp src\statisticaltest\pearsonNorm.cpp src\statisticaltest\pearsonNormWithGPU.cpp src\statisticaltest\pearsonNormWithGPU2.cpp src\statisticaltest\pearsonNormWithGPUeCPU.cpp src\statisticaltest\pearsonWithGPU.cpp src\statisticaltest\tentativasEmC\pearsonGPU.cpp src\statisticaltest\tentativasEmC\pearsonGPUredCPU.cpp src\statisticaltest\tentativasEmC\pearsonNormGPUoldNotWorking.cpp src\utils.cpp src\utilsOpenCL.cpp
         utilsOpenCL.cpp
     1>c:\users\johndoe\documents\visual studio 2012\projects\dpacalc\src\dpacalc.h(28): fatal error C1083: Cannot open include file: 'unistd.h': No such file or directory
         utils.cpp
     1>Done Building Project "C:\Users\JohnDoe\Documents\Visual Studio 2012\Projects\DPACalc\DPACalc.vcxproj" (Build target(s)) -- FAILED.

Build FAILED.

Time Elapsed 00:00:05.86
